# JRE version: OpenJDK Runtime Environment Microsoft-8035250 (11.0.20+8) (build 11.0.20+8-LTS)
# Java VM: OpenJDK 64-Bit Server VM Microsoft-8035250 (11.0.20+8-LTS, mixed mode, tiered, compressed oops, g1 gc, windows-amd64)
Heap:
 garbage-first heap   total 69632K, used 52154K [0x00000000c8c00000, 0x0000000100000000)
  region size 1024K, 6 young (6144K), 2 survivors (2048K)
 Metaspace       used 48084K, capacity 48625K, committed 48896K, reserved 1093632K
  class space    used 5579K, capacity 5800K, committed 5888K, reserved 1048576K
GC Heap History (20 events):
Event: 11.269 GC heap before
{Heap before GC invocations=10 (full 0):
 garbage-first heap   total 69632K, used 46592K [0x00000000c8c00000, 0x0000000100000000)
  region size 1024K, 15 young (15360K), 2 survivors (2048K)
 Metaspace       used 34367K, capacity 34912K, committed 35200K, reserved 1081344K
  class space    used 4165K, capacity 4396K, committed 4480K, reserved 1048576K
}
Event: 11.278 GC heap after
{Heap after GC invocations=11 (full 0):
 garbage-first heap   total 69632K, used 34406K [0x00000000c8c00000, 0x0000000100000000)
  region size 1024K, 1 young (1024K), 1 survivors (1024K)
 Metaspace       used 34367K, capacity 34912K, committed 35200K, reserved 1081344K
  class space    used 4165K, capacity 4396K, committed 4480K, reserved 1048576K
}
Event: 12.774 GC heap before
{Heap before GC invocations=12 (full 0):
 garbage-first heap   total 69632K, used 45670K [0x00000000c8c00000, 0x0000000100000000)
  region size 1024K, 14 young (14336K), 1 survivors (1024K)
 Metaspace       used 37903K, capacity 38443K, committed 38656K, reserved 1085440K
  class space    used 4553K, capacity 4758K, committed 4864K, reserved 1048576K
}
Event: 12.783 GC heap after
{Heap after GC invocations=13 (full 0):
 garbage-first heap   total 69632K, used 34722K [0x00000000c8c00000, 0x0000000100000000)
  region size 1024K, 2 young (2048K), 2 survivors (2048K)
 Metaspace       used 37903K, capacity 38443K, committed 38656K, reserved 1085440K
  class space    used 4553K, capacity 4758K, committed 4864K, reserved 1048576K
}
Event: 13.141 GC heap before
{Heap before GC invocations=13 (full 0):
 garbage-first heap   total 69632K, used 41890K [0x00000000c8c00000, 0x0000000100000000)
  region size 1024K, 10 young (10240K), 2 survivors (2048K)
 Metaspace       used 38945K, capacity 39478K, committed 39808K, reserved 1085440K
  class space    used 4665K, capacity 4890K, committed 4992K, reserved 1048576K
}
Event: 13.151 GC heap after
{Heap after GC invocations=14 (full 0):
 garbage-first heap   total 69632K, used 36040K [0x00000000c8c00000, 0x0000000100000000)
  region size 1024K, 2 young (2048K), 2 survivors (2048K)
 Metaspace       used 38945K, capacity 39478K, committed 39808K, reserved 1085440K
  class space    used 4665K, capacity 4890K, committed 4992K, reserved 1048576K
}
Event: 13.360 GC heap before
{Heap before GC invocations=15 (full 0):
 garbage-first heap   total 69632K, used 43208K [0x00000000c8c00000, 0x0000000100000000)
  region size 1024K, 5 young (5120K), 2 survivors (2048K)
 Metaspace       used 39114K, capacity 39670K, committed 40064K, reserved 1087488K
  class space    used 4675K, capacity 4890K, committed 4992K, reserved 1048576K
}
Event: 13.365 GC heap after
{Heap after GC invocations=16 (full 0):
 garbage-first heap   total 69632K, used 44166K [0x00000000c8c00000, 0x0000000100000000)
  region size 1024K, 2 young (2048K), 2 survivors (2048K)
 Metaspace       used 39114K, capacity 39670K, committed 40064K, reserved 1087488K
  class space    used 4675K, capacity 4890K, committed 4992K, reserved 1048576K
}
Event: 13.951 GC heap before
{Heap before GC invocations=17 (full 0):
 garbage-first heap   total 69632K, used 53382K [0x00000000c8c00000, 0x0000000100000000)
  region size 1024K, 11 young (11264K), 2 survivors (2048K)
 Metaspace       used 40684K, capacity 41198K, committed 41472K, reserved 1087488K
  class space    used 4842K, capacity 5056K, committed 5120K, reserved 1048576K
}
Event: 13.956 GC heap after
{Heap after GC invocations=18 (full 0):
 garbage-first heap   total 69632K, used 46207K [0x00000000c8c00000, 0x0000000100000000)
  region size 1024K, 2 young (2048K), 2 survivors (2048K)
 Metaspace       used 40684K, capacity 41198K, committed 41472K, reserved 1087488K
  class space    used 4842K, capacity 5056K, committed 5120K, reserved 1048576K
}
Event: 14.522 GC heap before
{Heap before GC invocations=18 (full 0):
 garbage-first heap   total 69632K, used 54399K [0x00000000c8c00000, 0x0000000100000000)
  region size 1024K, 11 young (11264K), 2 survivors (2048K)
 Metaspace       used 42361K, capacity 42901K, committed 43136K, reserved 1089536K
  class space    used 5000K, capacity 5217K, committed 5248K, reserved 1048576K
}
Event: 14.528 GC heap after
{Heap after GC invocations=19 (full 0):
 garbage-first heap   total 69632K, used 47294K [0x00000000c8c00000, 0x0000000100000000)
  region size 1024K, 2 young (2048K), 2 survivors (2048K)
 Metaspace       used 42361K, capacity 42901K, committed 43136K, reserved 1089536K
  class space    used 5000K, capacity 5217K, committed 5248K, reserved 1048576K
}
Event: 15.466 GC heap before
{Heap before GC invocations=20 (full 0):
 garbage-first heap   total 69632K, used 54462K [0x00000000c8c00000, 0x0000000100000000)
  region size 1024K, 10 young (10240K), 2 survivors (2048K)
 Metaspace       used 44041K, capacity 44565K, committed 44800K, reserved 1091584K
  class space    used 5124K, capacity 5345K, committed 5376K, reserved 1048576K
}
Event: 15.472 GC heap after
{Heap after GC invocations=21 (full 0):
 garbage-first heap   total 69632K, used 48159K [0x00000000c8c00000, 0x0000000100000000)
  region size 1024K, 2 young (2048K), 2 survivors (2048K)
 Metaspace       used 44041K, capacity 44565K, committed 44800K, reserved 1091584K
  class space    used 5124K, capacity 5345K, committed 5376K, reserved 1048576K
}
Event: 15.572 GC heap before
{Heap before GC invocations=21 (full 0):
 garbage-first heap   total 69632K, used 49183K [0x00000000c8c00000, 0x0000000100000000)
  region size 1024K, 3 young (3072K), 2 survivors (2048K)
 Metaspace       used 44213K, capacity 44759K, committed 45056K, reserved 1091584K
  class space    used 5138K, capacity 5346K, committed 5376K, reserved 1048576K
}
Event: 15.582 GC heap after
{Heap after GC invocations=22 (full 0):
 garbage-first heap   total 69632K, used 47963K [0x00000000c8c00000, 0x0000000100000000)
  region size 1024K, 1 young (1024K), 1 survivors (1024K)
 Metaspace       used 44213K, capacity 44759K, committed 45056K, reserved 1091584K
  class space    used 5138K, capacity 5346K, committed 5376K, reserved 1048576K
}
Event: 16.125 GC heap before
{Heap before GC invocations=22 (full 0):
 garbage-first heap   total 69632K, used 56155K [0x00000000c8c00000, 0x0000000100000000)
  region size 1024K, 9 young (9216K), 1 survivors (1024K)
 Metaspace       used 45618K, capacity 46205K, committed 46592K, reserved 1091584K
  class space    used 5286K, capacity 5508K, committed 5632K, reserved 1048576K
}
Event: 16.132 GC heap after
{Heap after GC invocations=23 (full 0):
 garbage-first heap   total 69632K, used 48207K [0x00000000c8c00000, 0x0000000100000000)
  region size 1024K, 1 young (1024K), 1 survivors (1024K)
 Metaspace       used 45618K, capacity 46205K, committed 46592K, reserved 1091584K
  class space    used 5286K, capacity 5508K, committed 5632K, reserved 1048576K
}
Event: 16.710 GC heap before
{Heap before GC invocations=24 (full 0):
 garbage-first heap   total 69632K, used 56399K [0x00000000c8c00000, 0x0000000100000000)
  region size 1024K, 9 young (9216K), 1 survivors (1024K)
 Metaspace       used 47376K, capacity 47915K, committed 48000K, reserved 1093632K
  class space    used 5514K, capacity 5734K, committed 5760K, reserved 1048576K
}
Event: 16.720 GC heap after
{Heap after GC invocations=25 (full 0):
 garbage-first heap   total 69632K, used 49082K [0x00000000c8c00000, 0x0000000100000000)
  region size 1024K, 2 young (2048K), 2 survivors (2048K)
 Metaspace       used 47376K, capacity 47915K, committed 48000K, reserved 1093632K
  class space    used 5514K, capacity 5734K, committed 5760K, reserved 1048576K
}

